C:\USERS\JAVI\VJ\VJ O\DEBUG\2DENGINE.EXE
C:\USERS\JAVI\VJ\VJ O\DEBUG\2DENGINE.EXE.EMBED.MANIFEST
C:\USERS\JAVI\VJ\VJ O\DEBUG\2DENGINE.EXE.EMBED.MANIFEST.RES
C:\USERS\JAVI\VJ\VJ O\DEBUG\2DENGINE.EXE.INTERMEDIATE.MANIFEST
C:\USERS\JAVI\VJ\VJ O\DEBUG\2DENGINE.ILK
C:\USERS\JAVI\VJ\VJ O\DEBUG\2DENGINE.PDB
C:\USERS\JAVI\VJ\VJ O\DEBUG\CBICHO.OBJ
C:\USERS\JAVI\VJ\VJ O\DEBUG\CDATA.OBJ
C:\USERS\JAVI\VJ\VJ O\DEBUG\CENEMY.OBJ
C:\USERS\JAVI\VJ\VJ O\DEBUG\CGAME.OBJ
C:\USERS\JAVI\VJ\VJ O\DEBUG\CHUD.OBJ
C:\USERS\JAVI\VJ\VJ O\DEBUG\CPLAYER.OBJ
C:\USERS\JAVI\VJ\VJ O\DEBUG\CSCENE.OBJ
C:\USERS\JAVI\VJ\VJ O\DEBUG\CSHOOT.OBJ
C:\USERS\JAVI\VJ\VJ O\DEBUG\CTEXTURE.OBJ
C:\USERS\JAVI\VJ\VJ O\DEBUG\GLUTMAIN.OBJ
C:\USERS\JAVI\VJ\VJ O\DEBUG\VC100.PDB
C:\Users\Oriac\git\joc-2d\Debug\2DEngine.exe
C:\Users\Oriac\git\joc-2d\Debug\2DEngine.exe.embed.manifest
C:\Users\Oriac\git\joc-2d\Debug\2DEngine.exe.embed.manifest.res
C:\Users\Oriac\git\joc-2d\Debug\2DEngine.exe.intermediate.manifest
C:\Users\Oriac\git\joc-2d\Debug\2DEngine.ilk
C:\Users\Oriac\git\joc-2d\Debug\2DEngine.pdb
C:\Users\Oriac\git\joc-2d\Debug\2DEngine.vcxprojResolveAssemblyReference.cache
C:\Users\Oriac\git\joc-2d\Debug\2DEngine.write.1.tlog
C:\Users\Oriac\git\joc-2d\Debug\2DEngine_manifest.rc
C:\Users\Oriac\git\joc-2d\Debug\cBicho.obj
C:\Users\Oriac\git\joc-2d\Debug\cData.obj
C:\Users\Oriac\git\joc-2d\Debug\cEnemy.obj
C:\Users\Oriac\git\joc-2d\Debug\cGame.obj
C:\Users\Oriac\git\joc-2d\Debug\cHud.obj
C:\Users\Oriac\git\joc-2d\Debug\cl.command.1.tlog
C:\Users\Oriac\git\joc-2d\Debug\CL.read.1.tlog
C:\Users\Oriac\git\joc-2d\Debug\CL.write.1.tlog
C:\Users\Oriac\git\joc-2d\Debug\cPlayer.obj
C:\Users\Oriac\git\joc-2d\Debug\cScene.obj
C:\Users\Oriac\git\joc-2d\Debug\cShoot.obj
C:\Users\Oriac\git\joc-2d\Debug\cTexture.obj
C:\Users\Oriac\git\joc-2d\Debug\GLUTMain.obj
C:\Users\Oriac\git\joc-2d\Debug\link.command.1.tlog
C:\Users\Oriac\git\joc-2d\Debug\link.read.1.tlog
C:\Users\Oriac\git\joc-2d\Debug\link.write.1.tlog
C:\Users\Oriac\git\joc-2d\Debug\link-cvtres.read.1.tlog
C:\Users\Oriac\git\joc-2d\Debug\link-cvtres.write.1.tlog
C:\Users\Oriac\git\joc-2d\Debug\mt.command.1.tlog
C:\Users\Oriac\git\joc-2d\Debug\mt.read.1.tlog
C:\Users\Oriac\git\joc-2d\Debug\mt.write.1.tlog
C:\Users\Oriac\git\joc-2d\Debug\rc.command.1.tlog
C:\Users\Oriac\git\joc-2d\Debug\rc.read.1.tlog
C:\Users\Oriac\git\joc-2d\Debug\rc.write.1.tlog
C:\Users\Oriac\git\joc-2d\Debug\vc100.idb
C:\Users\Oriac\git\joc-2d\Debug\vc100.pdb
Debug\2DEngine.ilk
Debug\2DEngine.pdb
