Build started 03/04/2013 1:23:08.
     1>Project "C:\Users\Oriac\git\joc-2d\2DEngine.vcxproj" on node 2 (build target(s)).
     1>InitializeBuildStatus:
         Creating "Debug\2DEngine.unsuccessfulbuild" because "AlwaysCreate" was specified.
       ClCompile:
         C:\Program Files (x86)\Microsoft Visual Studio 10.0\VC\bin\CL.exe /c /ZI /nologo /W3 /WX- /Od /Oy- /D WIN32 /D _DEBUG /D _CONSOLE /D _VC80_UPGRADE=0x0710 /D _MBCS /Gm /EHsc /RTC1 /MTd /GS /fp:precise /Zc:wchar_t /Zc:forScope /Fo"Debug\\" /Fd"Debug\vc100.pdb" /Gd /TP /analyze- /errorReport:prompt GLUTMain.cpp cBicho.cpp cGame.cpp cScene.cpp cShoot.cpp
         GLUTMain.cpp
     1>c:\users\oriac\git\joc-2d\cshoot.h(6): warning C4005: 'STEP_LENGTH' : macro redefinition
                 c:\users\oriac\git\joc-2d\cbicho.h(7) : see previous definition of 'STEP_LENGTH'
         Generating Code...
         Compiling...
         cShoot.cpp
     1>c:\users\oriac\git\joc-2d\cshoot.h(6): warning C4005: 'STEP_LENGTH' : macro redefinition
                 c:\users\oriac\git\joc-2d\cbicho.h(7) : see previous definition of 'STEP_LENGTH'
         cScene.cpp
     1>c:\users\oriac\git\joc-2d\cscene.cpp(24): warning C4996: 'sprintf': This function or variable may be unsafe. Consider using sprintf_s instead. To disable deprecation, use _CRT_SECURE_NO_WARNINGS. See online help for details.
                 c:\program files (x86)\microsoft visual studio 10.0\vc\include\stdio.h(371) : see declaration of 'sprintf'
     1>c:\users\oriac\git\joc-2d\cscene.cpp(25): warning C4996: 'sprintf': This function or variable may be unsafe. Consider using sprintf_s instead. To disable deprecation, use _CRT_SECURE_NO_WARNINGS. See online help for details.
                 c:\program files (x86)\microsoft visual studio 10.0\vc\include\stdio.h(371) : see declaration of 'sprintf'
     1>c:\users\oriac\git\joc-2d\cscene.cpp(27): warning C4996: 'fopen': This function or variable may be unsafe. Consider using fopen_s instead. To disable deprecation, use _CRT_SECURE_NO_WARNINGS. See online help for details.
                 c:\program files (x86)\microsoft visual studio 10.0\vc\include\stdio.h(234) : see declaration of 'fopen'
     1>c:\users\oriac\git\joc-2d\cscene.cpp(41): warning C4996: 'fscanf': This function or variable may be unsafe. Consider using fscanf_s instead. To disable deprecation, use _CRT_SECURE_NO_WARNINGS. See online help for details.
                 c:\program files (x86)\microsoft visual studio 10.0\vc\include\stdio.h(253) : see declaration of 'fscanf'
     1>c:\users\oriac\git\joc-2d\cscene.cpp(66): warning C4996: 'fscanf': This function or variable may be unsafe. Consider using fscanf_s instead. To disable deprecation, use _CRT_SECURE_NO_WARNINGS. See online help for details.
                 c:\program files (x86)\microsoft visual studio 10.0\vc\include\stdio.h(253) : see declaration of 'fscanf'
         cGame.cpp
     1>c:\users\oriac\git\joc-2d\cshoot.h(6): warning C4005: 'STEP_LENGTH' : macro redefinition
                 c:\users\oriac\git\joc-2d\cbicho.h(7) : see previous definition of 'STEP_LENGTH'
     1>c:\users\oriac\git\joc-2d\cgame.cpp(539): warning C4101: 'pos2' : unreferenced local variable
         cBicho.cpp
     1>c:\users\oriac\git\joc-2d\cbicho.cpp(462): warning C4101: 'alfa' : unreferenced local variable
         Generating Code...
       ManifestResourceCompile:
         All outputs are up-to-date.
       Link:
         C:\Program Files (x86)\Microsoft Visual Studio 10.0\VC\bin\link.exe /ERRORREPORT:PROMPT /OUT:"Debug\2DEngine.exe" /INCREMENTAL /NOLOGO kernel32.lib user32.lib gdi32.lib winspool.lib comdlg32.lib advapi32.lib shell32.lib ole32.lib oleaut32.lib uuid.lib odbc32.lib odbccp32.lib /MANIFEST /ManifestFile:"Debug\2DEngine.exe.intermediate.manifest" /MANIFESTUAC:"level='asInvoker' uiAccess='false'" /DEBUG /PDB:"Debug\2DEngine.pdb" /SUBSYSTEM:CONSOLE /TLBID:1 /DYNAMICBASE /NXCOMPAT /IMPLIB:"Debug\2DEngine.lib" /MACHINE:X86 Debug\2DEngine.exe.embed.manifest.res
         Debug\cBicho.obj
         Debug\cData.obj
         Debug\cGame.obj
         Debug\cHud.obj
         Debug\cPlayer.obj
         Debug\cScene.obj
         Debug\cShoot.obj
         Debug\cTexture.obj
         Debug\cEnemy.obj
         Debug\GLUTMain.obj
       Manifest:
         C:\Program Files (x86)\Microsoft SDKs\Windows\v7.0A\bin\mt.exe /nologo /verbose /out:"Debug\2DEngine.exe.embed.manifest" /manifest Debug\2DEngine.exe.intermediate.manifest
         All outputs are up-to-date.
       LinkEmbedManifest:
         All outputs are up-to-date.
         2DEngine.vcxproj -> C:\Users\Oriac\git\joc-2d\Debug\2DEngine.exe
       FinalizeBuildStatus:
         Deleting file "Debug\2DEngine.unsuccessfulbuild".
         Touching "Debug\2DEngine.lastbuildstate".
     1>Done Building Project "C:\Users\Oriac\git\joc-2d\2DEngine.vcxproj" (build target(s)).

Build succeeded.

Time Elapsed 00:00:04.05
