Build started 04/04/2013 23:41:13.
     1>Project "C:\Users\Oriac\git\joc-2d\2DEngine.vcxproj" on node 2 (build target(s)).
     1>InitializeBuildStatus:
         Creating "Release\2DEngine.unsuccessfulbuild" because "AlwaysCreate" was specified.
       ClCompile:
         C:\Program Files (x86)\Microsoft Visual Studio 10.0\VC\bin\CL.exe /c /Zi /nologo /W3 /WX- /O2 /Oy- /D WIN32 /D NDEBUG /D _CONSOLE /D _VC80_UPGRADE=0x0710 /D _MBCS /Gm- /EHsc /MT /GS /fp:precise /Zc:wchar_t /Zc:forScope /Fo"Release\\" /Fd"Release\vc100.pdb" /Gd /TP /analyze- /errorReport:prompt cGame.cpp
         cGame.cpp
     1>c:\users\oriac\git\joc-2d\cShoot.h(6): warning C4005: 'STEP_LENGTH' : macro redefinition
                 c:\users\oriac\git\joc-2d\cBicho.h(7) : see previous definition of 'STEP_LENGTH'
     1>cGame.cpp(813): warning C4101: 'pos2' : unreferenced local variable
       Link:
         C:\Program Files (x86)\Microsoft Visual Studio 10.0\VC\bin\link.exe /ERRORREPORT:PROMPT /OUT:"Release\2DEngine.exe" /INCREMENTAL:NO /NOLOGO kernel32.lib user32.lib gdi32.lib winspool.lib comdlg32.lib advapi32.lib shell32.lib ole32.lib oleaut32.lib uuid.lib odbc32.lib odbccp32.lib /MANIFEST /ManifestFile:"Release\2DEngine.exe.intermediate.manifest" /MANIFESTUAC:"level='asInvoker' uiAccess='false'" /DEBUG /PDB:"C:\Users\Oriac\git\joc-2d\Release\2DEngine.pdb" /SUBSYSTEM:CONSOLE /OPT:REF /OPT:ICF /TLBID:1 /DYNAMICBASE /NXCOMPAT /IMPLIB:"Release\2DEngine.lib" /MACHINE:X86 Release\cBicho.obj
         Release\cData.obj
         Release\cGame.obj
         Release\cHud.obj
         Release\cItem.obj
         Release\cPlayer.obj
         Release\cScene.obj
         Release\cShoot.obj
         Release\cSound.obj
         Release\cTexture.obj
         Release\cEnemy.obj
         Release\GLUTMain.obj
         2DEngine.vcxproj -> C:\Users\Oriac\git\joc-2d\Release\2DEngine.exe
       Manifest:
         C:\Program Files (x86)\Microsoft SDKs\Windows\v7.0A\bin\mt.exe /nologo /verbose /outputresource:"Release\2DEngine.exe;#1" /manifest Release\2DEngine.exe.intermediate.manifest
       FinalizeBuildStatus:
         Deleting file "Release\2DEngine.unsuccessfulbuild".
         Touching "Release\2DEngine.lastbuildstate".
     1>Done Building Project "C:\Users\Oriac\git\joc-2d\2DEngine.vcxproj" (build target(s)).

Build succeeded.

Time Elapsed 00:00:01.32
