C:\USERS\JAVI\VJ\VJ O\RELEASE\2DENGINE.EXE
C:\USERS\JAVI\VJ\VJ O\RELEASE\2DENGINE.EXE.INTERMEDIATE.MANIFEST
C:\USERS\JAVI\VJ\VJ O\RELEASE\2DENGINE.PDB
C:\Users\Javi\vj\vj o\Release\2DEngine.vcxprojResolveAssemblyReference.cache
C:\Users\Javi\vj\vj o\Release\2DEngine.write.1.tlog
C:\USERS\JAVI\VJ\VJ O\RELEASE\CBICHO.OBJ
C:\USERS\JAVI\VJ\VJ O\RELEASE\CDATA.OBJ
C:\USERS\JAVI\VJ\VJ O\RELEASE\CENEMY.OBJ
C:\USERS\JAVI\VJ\VJ O\RELEASE\CGAME.OBJ
C:\USERS\JAVI\VJ\VJ O\RELEASE\CHUD.OBJ
C:\USERS\JAVI\VJ\VJ O\RELEASE\CITEM.OBJ
C:\Users\Javi\vj\vj o\Release\cl.command.1.tlog
C:\Users\Javi\vj\vj o\Release\CL.read.1.tlog
C:\Users\Javi\vj\vj o\Release\CL.write.1.tlog
C:\USERS\JAVI\VJ\VJ O\RELEASE\CPLAYER.OBJ
C:\USERS\JAVI\VJ\VJ O\RELEASE\CSCENE.OBJ
C:\USERS\JAVI\VJ\VJ O\RELEASE\CSHOOT.OBJ
C:\USERS\JAVI\VJ\VJ O\RELEASE\CSOUND.OBJ
C:\USERS\JAVI\VJ\VJ O\RELEASE\CTEXTURE.OBJ
C:\USERS\JAVI\VJ\VJ O\RELEASE\GLUTMAIN.OBJ
C:\Users\Javi\vj\vj o\Release\link.command.1.tlog
C:\Users\Javi\vj\vj o\Release\link.read.1.tlog
C:\Users\Javi\vj\vj o\Release\link.write.1.tlog
C:\Users\Javi\vj\vj o\Release\mt.command.1.tlog
C:\Users\Javi\vj\vj o\Release\mt.read.1.tlog
C:\Users\Javi\vj\vj o\Release\mt.write.1.tlog
C:\USERS\JAVI\VJ\VJ O\RELEASE\VC100.PDB
C:\USERS\ORIAC\GIT\JOC-2D\RELEASE\2DENGINE.EXE
C:\USERS\ORIAC\GIT\JOC-2D\RELEASE\2DENGINE.EXE.INTERMEDIATE.MANIFEST
C:\USERS\ORIAC\GIT\JOC-2D\RELEASE\2DENGINE.PDB
C:\USERS\ORIAC\GIT\JOC-2D\RELEASE\CBICHO.OBJ
C:\USERS\ORIAC\GIT\JOC-2D\RELEASE\CDATA.OBJ
C:\USERS\ORIAC\GIT\JOC-2D\RELEASE\CENEMY.OBJ
C:\USERS\ORIAC\GIT\JOC-2D\RELEASE\CGAME.OBJ
C:\USERS\ORIAC\GIT\JOC-2D\RELEASE\CHUD.OBJ
C:\USERS\ORIAC\GIT\JOC-2D\RELEASE\CITEM.OBJ
C:\USERS\ORIAC\GIT\JOC-2D\RELEASE\CPLAYER.OBJ
C:\USERS\ORIAC\GIT\JOC-2D\RELEASE\CSCENE.OBJ
C:\USERS\ORIAC\GIT\JOC-2D\RELEASE\CSHOOT.OBJ
C:\USERS\ORIAC\GIT\JOC-2D\RELEASE\CSOUND.OBJ
C:\USERS\ORIAC\GIT\JOC-2D\RELEASE\CTEXTURE.OBJ
C:\USERS\ORIAC\GIT\JOC-2D\RELEASE\GLUTMAIN.OBJ
C:\USERS\ORIAC\GIT\JOC-2D\RELEASE\VC100.PDB
Release\2DEngine.pdb
